Determining if the pthread_create exist failed with the following output:
Change Dir: /home/lym/code/course/src/CMakeFiles/CMakeTmp

Run Build Command:"/usr/bin/make" "cmTC_9e8fa/fast"
/usr/bin/make -f CMakeFiles/cmTC_9e8fa.dir/build.make CMakeFiles/cmTC_9e8fa.dir/build
make[1]: Entering directory '/home/lym/code/course/src/CMakeFiles/CMakeTmp'
Building C object CMakeFiles/cmTC_9e8fa.dir/CheckSymbolExists.c.o
/usr/bin/cc    -o CMakeFiles/cmTC_9e8fa.dir/CheckSymbolExists.c.o   -c /home/lym/code/course/src/CMakeFiles/CMakeTmp/CheckSymbolExists.c
Linking C executable cmTC_9e8fa
/usr/bin/cmake -E cmake_link_script CMakeFiles/cmTC_9e8fa.dir/link.txt --verbose=1
/usr/bin/cc      -rdynamic CMakeFiles/cmTC_9e8fa.dir/CheckSymbolExists.c.o  -o cmTC_9e8fa 
CMakeFiles/cmTC_9e8fa.dir/CheckSymbolExists.c.o: In function `main':
CheckSymbolExists.c:(.text+0x1b): undefined reference to `pthread_create'
collect2: error: ld returned 1 exit status
CMakeFiles/cmTC_9e8fa.dir/build.make:97: recipe for target 'cmTC_9e8fa' failed
make[1]: *** [cmTC_9e8fa] Error 1
make[1]: Leaving directory '/home/lym/code/course/src/CMakeFiles/CMakeTmp'
Makefile:126: recipe for target 'cmTC_9e8fa/fast' failed
make: *** [cmTC_9e8fa/fast] Error 2

File /home/lym/code/course/src/CMakeFiles/CMakeTmp/CheckSymbolExists.c:
/* */
#include <pthread.h>

int main(int argc, char** argv)
{
  (void)argv;
#ifndef pthread_create
  return ((int*)(&pthread_create))[argc];
#else
  (void)argc;
  return 0;
#endif
}

Determining if the function pthread_create exists in the pthreads failed with the following output:
Change Dir: /home/lym/code/course/src/CMakeFiles/CMakeTmp

Run Build Command:"/usr/bin/make" "cmTC_413f8/fast"
/usr/bin/make -f CMakeFiles/cmTC_413f8.dir/build.make CMakeFiles/cmTC_413f8.dir/build
make[1]: Entering directory '/home/lym/code/course/src/CMakeFiles/CMakeTmp'
Building C object CMakeFiles/cmTC_413f8.dir/CheckFunctionExists.c.o
/usr/bin/cc   -DCHECK_FUNCTION_EXISTS=pthread_create   -o CMakeFiles/cmTC_413f8.dir/CheckFunctionExists.c.o   -c /usr/share/cmake-3.10/Modules/CheckFunctionExists.c
Linking C executable cmTC_413f8
/usr/bin/cmake -E cmake_link_script CMakeFiles/cmTC_413f8.dir/link.txt --verbose=1
/usr/bin/cc  -DCHECK_FUNCTION_EXISTS=pthread_create    -rdynamic CMakeFiles/cmTC_413f8.dir/CheckFunctionExists.c.o  -o cmTC_413f8 -lpthreads 
/usr/bin/ld: cannot find -lpthreads
collect2: error: ld returned 1 exit status
CMakeFiles/cmTC_413f8.dir/build.make:97: recipe for target 'cmTC_413f8' failed
make[1]: *** [cmTC_413f8] Error 1
make[1]: Leaving directory '/home/lym/code/course/src/CMakeFiles/CMakeTmp'
Makefile:126: recipe for target 'cmTC_413f8/fast' failed
make: *** [cmTC_413f8/fast] Error 2


